#! /c/Source/iverilog-install/bin/vvp
:ivl_version "12.0 (devel)" "(s20150603-1539-g2693dd32b)";
:ivl_delay_selection "TYPICAL";
:vpi_time_precision + 0;
:vpi_module "C:\iverilog\lib\ivl\system.vpi";
:vpi_module "C:\iverilog\lib\ivl\vhdl_sys.vpi";
:vpi_module "C:\iverilog\lib\ivl\vhdl_textio.vpi";
:vpi_module "C:\iverilog\lib\ivl\v2005_math.vpi";
:vpi_module "C:\iverilog\lib\ivl\va_math.vpi";
S_000002548c6f6930 .scope module, "reg_file" "reg_file" 2 1;
 .timescale 0 0;
    .port_info 0 /INPUT 1 "clk";
    .port_info 1 /INPUT 1 "reg_write";
    .port_info 2 /INPUT 3 "ra";
    .port_info 3 /INPUT 3 "rb";
    .port_info 4 /INPUT 3 "rc";
    .port_info 5 /INPUT 16 "rc_data";
    .port_info 6 /OUTPUT 16 "ra_data";
    .port_info 7 /OUTPUT 16 "rb_data";
    .port_info 8 /INPUT 1 "pc_write";
    .port_info 9 /INPUT 16 "pc_in";
    .port_info 10 /INPUT 1 "proc_rst";
L_000002548c6f7640 .functor BUFZ 16, L_000002548c74fc40, C4<0000000000000000>, C4<0000000000000000>, C4<0000000000000000>;
L_000002548c6f7330 .functor BUFZ 16, L_000002548c74f7e0, C4<0000000000000000>, C4<0000000000000000>, C4<0000000000000000>;
v000002548c7d6a50_0 .net *"_ivl_0", 15 0, L_000002548c74fc40;  1 drivers
v000002548c704370_0 .net *"_ivl_10", 4 0, L_000002548c74f880;  1 drivers
L_000002548c750540 .functor BUFT 1, C4<00>, C4<0>, C4<0>, C4<0>;
v000002548c704410_0 .net *"_ivl_13", 1 0, L_000002548c750540;  1 drivers
v000002548c7044b0_0 .net *"_ivl_2", 4 0, L_000002548c74fd80;  1 drivers
L_000002548c7504f8 .functor BUFT 1, C4<00>, C4<0>, C4<0>, C4<0>;
v000002548c704550_0 .net *"_ivl_5", 1 0, L_000002548c7504f8;  1 drivers
v000002548c74f010_0 .net *"_ivl_8", 15 0, L_000002548c74f7e0;  1 drivers
o000002548c70a0a8 .functor BUFZ 1, C4<z>; HiZ drive
v000002548c74f0b0_0 .net "clk", 0 0, o000002548c70a0a8;  0 drivers
v000002548c74f150_0 .var/i "i", 31 0;
o000002548c70a108 .functor BUFZ 16, C4<zzzzzzzzzzzzzzzz>; HiZ drive
v000002548c74f1f0_0 .net "pc_in", 15 0, o000002548c70a108;  0 drivers
o000002548c70a138 .functor BUFZ 1, C4<z>; HiZ drive
v000002548c74f290_0 .net "pc_write", 0 0, o000002548c70a138;  0 drivers
o000002548c70a168 .functor BUFZ 1, C4<z>; HiZ drive
v000002548c74f330_0 .net "proc_rst", 0 0, o000002548c70a168;  0 drivers
o000002548c70a198 .functor BUFZ 3, C4<zzz>; HiZ drive
v000002548c74f740_0 .net "ra", 2 0, o000002548c70a198;  0 drivers
v000002548c74f6a0_0 .net "ra_data", 15 0, L_000002548c6f7640;  1 drivers
o000002548c70a1f8 .functor BUFZ 3, C4<zzz>; HiZ drive
v000002548c74fba0_0 .net "rb", 2 0, o000002548c70a1f8;  0 drivers
v000002548c74fce0_0 .net "rb_data", 15 0, L_000002548c6f7330;  1 drivers
o000002548c70a258 .functor BUFZ 3, C4<zzz>; HiZ drive
v000002548c74f600_0 .net "rc", 2 0, o000002548c70a258;  0 drivers
o000002548c70a288 .functor BUFZ 16, C4<zzzzzzzzzzzzzzzz>; HiZ drive
v000002548c74f920_0 .net "rc_data", 15 0, o000002548c70a288;  0 drivers
o000002548c70a2b8 .functor BUFZ 1, C4<z>; HiZ drive
v000002548c74f9c0_0 .net "reg_write", 0 0, o000002548c70a2b8;  0 drivers
v000002548c74f560 .array "registers", 0 7, 15 0;
E_000002548c708610 .event posedge, v000002548c74f330_0, v000002548c74f0b0_0;
L_000002548c74fc40 .array/port v000002548c74f560, L_000002548c74fd80;
L_000002548c74fd80 .concat [ 3 2 0 0], o000002548c70a198, L_000002548c7504f8;
L_000002548c74f7e0 .array/port v000002548c74f560, L_000002548c74f880;
L_000002548c74f880 .concat [ 3 2 0 0], o000002548c70a1f8, L_000002548c750540;
    .scope S_000002548c6f6930;
T_0 ;
    %wait E_000002548c708610;
    %load/vec4 v000002548c74f330_0;
    %flag_set/vec4 8;
    %jmp/0xz  T_0.0, 8;
    %pushi/vec4 0, 0, 32;
    %store/vec4 v000002548c74f150_0, 0, 32;
T_0.2 ;
    %load/vec4 v000002548c74f150_0;
    %cmpi/s 8, 0, 32;
    %jmp/0xz T_0.3, 5;
    %pushi/vec4 8, 0, 16;
    %ix/getv/s 3, v000002548c74f150_0;
    %ix/load 4, 0, 0; Constant delay
    %assign/vec4/a/d v000002548c74f560, 0, 4;
    %load/vec4 v000002548c74f150_0;
    %addi 1, 0, 32;
    %store/vec4 v000002548c74f150_0, 0, 32;
    %jmp T_0.2;
T_0.3 ;
    %pushi/vec4 5, 0, 16;
    %ix/load 3, 1, 0;
    %flag_set/imm 4, 0;
    %ix/load 4, 0, 0; Constant delay
    %assign/vec4/a/d v000002548c74f560, 0, 4;
    %vpi_call 2 31 "$display", "All registers reset to 0 at time %0d", $time {0 0 0};
    %jmp T_0.1;
T_0.0 ;
    %load/vec4 v000002548c74f290_0;
    %flag_set/vec4 8;
    %jmp/0xz  T_0.4, 8;
    %load/vec4 v000002548c74f1f0_0;
    %ix/load 3, 0, 0;
    %flag_set/imm 4, 0;
    %ix/load 4, 0, 0; Constant delay
    %assign/vec4/a/d v000002548c74f560, 0, 4;
    %jmp T_0.5;
T_0.4 ;
    %load/vec4 v000002548c74f9c0_0;
    %flag_set/vec4 8;
    %jmp/0xz  T_0.6, 8;
    %load/vec4 v000002548c74f920_0;
    %load/vec4 v000002548c74f600_0;
    %pad/u 5;
    %ix/vec4 3;
    %ix/load 4, 0, 0; Constant delay
    %assign/vec4/a/d v000002548c74f560, 0, 4;
T_0.6 ;
T_0.5 ;
T_0.1 ;
    %vpi_call 2 43 "$display", "Register values at time %0d:", $time {0 0 0};
    %pushi/vec4 0, 0, 32;
    %store/vec4 v000002548c74f150_0, 0, 32;
T_0.8 ;
    %load/vec4 v000002548c74f150_0;
    %cmpi/s 8, 0, 32;
    %jmp/0xz T_0.9, 5;
    %vpi_call 2 45 "$display", "R%0d = %d", v000002548c74f150_0, &A<v000002548c74f560, v000002548c74f150_0 > {0 0 0};
    %load/vec4 v000002548c74f150_0;
    %addi 1, 0, 32;
    %store/vec4 v000002548c74f150_0, 0, 32;
    %jmp T_0.8;
T_0.9 ;
    %jmp T_0;
    .thread T_0;
# The file index is used to find the file name in the following table.
:file_names 3;
    "N/A";
    "<interactive>";
    "register_file.v";
