#! /c/Source/iverilog-install/bin/vvp
:ivl_version "12.0 (devel)" "(s20150603-1539-g2693dd32b)";
:ivl_delay_selection "TYPICAL";
:vpi_time_precision + 0;
:vpi_module "C:\iverilog\lib\ivl\system.vpi";
:vpi_module "C:\iverilog\lib\ivl\vhdl_sys.vpi";
:vpi_module "C:\iverilog\lib\ivl\vhdl_textio.vpi";
:vpi_module "C:\iverilog\lib\ivl\v2005_math.vpi";
:vpi_module "C:\iverilog\lib\ivl\va_math.vpi";
S_000001e804816b60 .scope module, "ALU" "ALU" 2 1;
 .timescale 0 0;
    .port_info 0 /INPUT 16 "A";
    .port_info 1 /INPUT 16 "B";
    .port_info 2 /INPUT 3 "ALUop";
    .port_info 3 /OUTPUT 16 "Result";
    .port_info 4 /OUTPUT 1 "Carry";
    .port_info 5 /OUTPUT 1 "Zero";
o000001e804866fa8 .functor BUFZ 16, C4<zzzzzzzzzzzzzzzz>; HiZ drive
v000001e804817460_0 .net "A", 15 0, o000001e804866fa8;  0 drivers
o000001e804866fd8 .functor BUFZ 3, C4<zzz>; HiZ drive
v000001e804819690_0 .net "ALUop", 2 0, o000001e804866fd8;  0 drivers
o000001e804867008 .functor BUFZ 16, C4<zzzzzzzzzzzzzzzz>; HiZ drive
v000001e804816cf0_0 .net "B", 15 0, o000001e804867008;  0 drivers
v000001e804816d90_0 .var "Carry", 0 0;
v000001e804816e30_0 .var "Result", 15 0;
v000001e804819e40_0 .var "Zero", 0 0;
E_000001e804866800/0 .event anyedge, v000001e804819690_0, v000001e804817460_0, v000001e804816cf0_0, v000001e804816e30_0;
E_000001e804866800/1 .event anyedge, v000001e804816d90_0, v000001e804819e40_0;
E_000001e804866800 .event/or E_000001e804866800/0, E_000001e804866800/1;
    .scope S_000001e804816b60;
T_0 ;
    %wait E_000001e804866800;
    %pushi/vec4 0, 0, 1;
    %store/vec4 v000001e804816d90_0, 0, 1;
    %pushi/vec4 0, 0, 1;
    %store/vec4 v000001e804819e40_0, 0, 1;
    %load/vec4 v000001e804819690_0;
    %dup/vec4;
    %pushi/vec4 0, 0, 3;
    %cmp/u;
    %jmp/1 T_0.0, 6;
    %dup/vec4;
    %pushi/vec4 2, 0, 3;
    %cmp/u;
    %jmp/1 T_0.1, 6;
    %jmp T_0.2;
T_0.0 ;
    %load/vec4 v000001e804817460_0;
    %pad/u 17;
    %load/vec4 v000001e804816cf0_0;
    %pad/u 17;
    %add;
    %split/vec4 16;
    %store/vec4 v000001e804816e30_0, 0, 16;
    %store/vec4 v000001e804816d90_0, 0, 1;
    %load/vec4 v000001e804816e30_0;
    %cmpi/e 0, 0, 16;
    %flag_mov 8, 4;
    %jmp/0 T_0.3, 8;
    %pushi/vec4 1, 0, 2;
    %jmp/1 T_0.4, 8;
T_0.3 ; End of true expr.
    %pushi/vec4 0, 0, 2;
    %jmp/0 T_0.4, 8;
 ; End of false expr.
    %blend;
T_0.4;
    %pad/s 1;
    %store/vec4 v000001e804819e40_0, 0, 1;
    %jmp T_0.2;
T_0.1 ;
    %load/vec4 v000001e804817460_0;
    %load/vec4 v000001e804816cf0_0;
    %and;
    %inv;
    %store/vec4 v000001e804816e30_0, 0, 16;
    %load/vec4 v000001e804816e30_0;
    %cmpi/e 0, 0, 16;
    %flag_mov 8, 4;
    %jmp/0 T_0.5, 8;
    %pushi/vec4 1, 0, 2;
    %jmp/1 T_0.6, 8;
T_0.5 ; End of true expr.
    %pushi/vec4 0, 0, 2;
    %jmp/0 T_0.6, 8;
 ; End of false expr.
    %blend;
T_0.6;
    %pad/s 1;
    %store/vec4 v000001e804819e40_0, 0, 1;
    %jmp T_0.2;
T_0.2 ;
    %pop/vec4 1;
    %vpi_call 2 27 "$display", "Carry %b Zero: %b", v000001e804816d90_0, v000001e804819e40_0 {0 0 0};
    %vpi_call 2 28 "$display", "At time %0d,A = %d, B = %d,alu_op = %d, alu_result = %d", $time, v000001e804817460_0, v000001e804816cf0_0, v000001e804819690_0, v000001e804816e30_0 {0 0 0};
    %jmp T_0;
    .thread T_0, $push;
# The file index is used to find the file name in the following table.
:file_names 3;
    "N/A";
    "<interactive>";
    "alu.v";
