#! /c/Source/iverilog-install/bin/vvp
:ivl_version "12.0 (devel)" "(s20150603-1539-g2693dd32b)";
:ivl_delay_selection "TYPICAL";
:vpi_time_precision + 0;
:vpi_module "C:\iverilog\lib\ivl\system.vpi";
:vpi_module "C:\iverilog\lib\ivl\vhdl_sys.vpi";
:vpi_module "C:\iverilog\lib\ivl\vhdl_textio.vpi";
:vpi_module "C:\iverilog\lib\ivl\v2005_math.vpi";
:vpi_module "C:\iverilog\lib\ivl\va_math.vpi";
S_00000218ae80bcd0 .scope module, "control_unit" "control_unit" 2 7;
 .timescale 0 0;
    .port_info 0 /INPUT 1 "clk";
    .port_info 1 /INPUT 1 "proc_rst";
    .port_info 2 /INPUT 4 "opcode";
    .port_info 3 /INPUT 16 "instruction";
    .port_info 4 /INPUT 1 "Carry";
    .port_info 5 /INPUT 1 "Zero";
    .port_info 6 /OUTPUT 1 "reg_write";
    .port_info 7 /OUTPUT 1 "mem_read";
    .port_info 8 /OUTPUT 1 "mem_write";
    .port_info 9 /OUTPUT 1 "alu_src";
    .port_info 10 /OUTPUT 1 "pc_write";
    .port_info 11 /OUTPUT 1 "branch";
    .port_info 12 /OUTPUT 1 "jump";
    .port_info 13 /OUTPUT 3 "alu_op";
o00000218ae85ffd8 .functor BUFZ 1, C4<z>; HiZ drive
v00000218ae8070d0_0 .net "Carry", 0 0, o00000218ae85ffd8;  0 drivers
o00000218ae860008 .functor BUFZ 1, C4<z>; HiZ drive
v00000218ae806e50_0 .net "Zero", 0 0, o00000218ae860008;  0 drivers
v00000218ae8090a0_0 .var "alu_op", 2 0;
v00000218ae853ee0_0 .var "alu_src", 0 0;
v00000218ae853f80_0 .var "branch", 0 0;
o00000218ae8600c8 .functor BUFZ 1, C4<z>; HiZ drive
v00000218ae854020_0 .net "clk", 0 0, o00000218ae8600c8;  0 drivers
v00000218ae8540c0_0 .var "current_state", 2 0;
o00000218ae860128 .functor BUFZ 16, C4<zzzzzzzzzzzzzzzz>; HiZ drive
v00000218ae854160_0 .net "instruction", 15 0, o00000218ae860128;  0 drivers
v00000218ae854200_0 .var "jump", 0 0;
v00000218ae8542a0_0 .var "mem_read", 0 0;
v00000218ae854340_0 .var "mem_write", 0 0;
v00000218ae8543e0_0 .var "next_state", 2 0;
o00000218ae860218 .functor BUFZ 4, C4<zzzz>; HiZ drive
v00000218ae854480_0 .net "opcode", 3 0, o00000218ae860218;  0 drivers
v00000218ae854520_0 .var "pc_write", 0 0;
o00000218ae860278 .functor BUFZ 1, C4<z>; HiZ drive
v00000218ae8ad010_0 .net "proc_rst", 0 0, o00000218ae860278;  0 drivers
v00000218ae8ace30_0 .var "reg_write", 0 0;
E_00000218ae846840/0 .event anyedge, v00000218ae8540c0_0, v00000218ae854480_0, v00000218ae854160_0, v00000218ae8070d0_0;
E_00000218ae846840/1 .event anyedge, v00000218ae806e50_0;
E_00000218ae846840 .event/or E_00000218ae846840/0, E_00000218ae846840/1;
E_00000218ae854670 .event posedge, v00000218ae8ad010_0, v00000218ae854020_0;
    .scope S_00000218ae80bcd0;
T_0 ;
    %wait E_00000218ae854670;
    %vpi_call 2 30 "$display", "instruction at control Unit is %b", v00000218ae854160_0 {0 0 0};
    %load/vec4 v00000218ae8ad010_0;
    %flag_set/vec4 8;
    %jmp/0xz  T_0.0, 8;
    %pushi/vec4 0, 0, 3;
    %assign/vec4 v00000218ae8540c0_0, 0;
    %pushi/vec4 1, 0, 3;
    %assign/vec4 v00000218ae8543e0_0, 0;
    %jmp T_0.1;
T_0.0 ;
    %load/vec4 v00000218ae8543e0_0;
    %assign/vec4 v00000218ae8540c0_0, 0;
T_0.1 ;
    %vpi_call 2 37 "$display", "State is %0d, next_state = %d,  pc_write = %b", v00000218ae8540c0_0, v00000218ae8543e0_0, v00000218ae854520_0 {0 0 0};
    %jmp T_0;
    .thread T_0;
    .scope S_00000218ae80bcd0;
T_1 ;
    %wait E_00000218ae846840;
    %pushi/vec4 0, 0, 1;
    %store/vec4 v00000218ae8ace30_0, 0, 1;
    %pushi/vec4 0, 0, 1;
    %store/vec4 v00000218ae8542a0_0, 0, 1;
    %pushi/vec4 0, 0, 1;
    %store/vec4 v00000218ae854340_0, 0, 1;
    %pushi/vec4 0, 0, 1;
    %store/vec4 v00000218ae854520_0, 0, 1;
    %pushi/vec4 0, 0, 1;
    %store/vec4 v00000218ae853f80_0, 0, 1;
    %pushi/vec4 0, 0, 1;
    %store/vec4 v00000218ae854200_0, 0, 1;
    %load/vec4 v00000218ae8540c0_0;
    %dup/vec4;
    %pushi/vec4 0, 0, 3;
    %cmp/u;
    %jmp/1 T_1.0, 6;
    %dup/vec4;
    %pushi/vec4 1, 0, 3;
    %cmp/u;
    %jmp/1 T_1.1, 6;
    %dup/vec4;
    %pushi/vec4 2, 0, 3;
    %cmp/u;
    %jmp/1 T_1.2, 6;
    %dup/vec4;
    %pushi/vec4 3, 0, 3;
    %cmp/u;
    %jmp/1 T_1.3, 6;
    %dup/vec4;
    %pushi/vec4 4, 0, 3;
    %cmp/u;
    %jmp/1 T_1.4, 6;
    %pushi/vec4 0, 0, 3;
    %store/vec4 v00000218ae8543e0_0, 0, 3;
    %jmp T_1.6;
T_1.0 ;
    %pushi/vec4 1, 0, 1;
    %store/vec4 v00000218ae854520_0, 0, 1;
    %pushi/vec4 0, 0, 1;
    %store/vec4 v00000218ae853ee0_0, 0, 1;
    %pushi/vec4 1, 0, 3;
    %store/vec4 v00000218ae8543e0_0, 0, 3;
    %jmp T_1.6;
T_1.1 ;
    %pushi/vec4 0, 0, 1;
    %store/vec4 v00000218ae854520_0, 0, 1;
    %vpi_call 2 60 "$display", "state is ID and opcode is %d", v00000218ae854480_0 {0 0 0};
    %load/vec4 v00000218ae854480_0;
    %dup/vec4;
    %pushi/vec4 0, 0, 4;
    %cmp/u;
    %jmp/1 T_1.7, 6;
    %dup/vec4;
    %pushi/vec4 2, 0, 4;
    %cmp/u;
    %jmp/1 T_1.8, 6;
    %dup/vec4;
    %pushi/vec4 10, 0, 4;
    %cmp/u;
    %jmp/1 T_1.9, 6;
    %dup/vec4;
    %pushi/vec4 9, 0, 4;
    %cmp/u;
    %jmp/1 T_1.10, 6;
    %dup/vec4;
    %pushi/vec4 11, 0, 4;
    %cmp/u;
    %jmp/1 T_1.11, 6;
    %dup/vec4;
    %pushi/vec4 13, 0, 4;
    %cmp/u;
    %jmp/1 T_1.12, 6;
    %pushi/vec4 0, 0, 3;
    %store/vec4 v00000218ae8543e0_0, 0, 3;
    %jmp T_1.14;
T_1.7 ;
    %pushi/vec4 2, 0, 3;
    %store/vec4 v00000218ae8543e0_0, 0, 3;
    %jmp T_1.14;
T_1.8 ;
    %pushi/vec4 2, 0, 3;
    %store/vec4 v00000218ae8543e0_0, 0, 3;
    %jmp T_1.14;
T_1.9 ;
    %pushi/vec4 2, 0, 3;
    %store/vec4 v00000218ae8543e0_0, 0, 3;
    %jmp T_1.14;
T_1.10 ;
    %pushi/vec4 2, 0, 3;
    %store/vec4 v00000218ae8543e0_0, 0, 3;
    %jmp T_1.14;
T_1.11 ;
    %pushi/vec4 2, 0, 3;
    %store/vec4 v00000218ae8543e0_0, 0, 3;
    %jmp T_1.14;
T_1.12 ;
    %pushi/vec4 2, 0, 3;
    %store/vec4 v00000218ae8543e0_0, 0, 3;
    %jmp T_1.14;
T_1.14 ;
    %pop/vec4 1;
    %jmp T_1.6;
T_1.2 ;
    %load/vec4 v00000218ae854480_0;
    %dup/vec4;
    %pushi/vec4 0, 0, 4;
    %cmp/u;
    %jmp/1 T_1.15, 6;
    %dup/vec4;
    %pushi/vec4 2, 0, 4;
    %cmp/u;
    %jmp/1 T_1.16, 6;
    %dup/vec4;
    %pushi/vec4 11, 0, 4;
    %cmp/u;
    %jmp/1 T_1.17, 6;
    %dup/vec4;
    %pushi/vec4 10, 0, 4;
    %cmp/u;
    %jmp/1 T_1.18, 6;
    %dup/vec4;
    %pushi/vec4 9, 0, 4;
    %cmp/u;
    %jmp/1 T_1.19, 6;
    %dup/vec4;
    %pushi/vec4 13, 0, 4;
    %cmp/u;
    %jmp/1 T_1.20, 6;
    %pushi/vec4 0, 0, 3;
    %store/vec4 v00000218ae8543e0_0, 0, 3;
    %jmp T_1.22;
T_1.15 ;
    %pushi/vec4 0, 0, 3;
    %store/vec4 v00000218ae8090a0_0, 0, 3;
    %pushi/vec4 4, 0, 3;
    %store/vec4 v00000218ae8543e0_0, 0, 3;
    %jmp T_1.22;
T_1.16 ;
    %pushi/vec4 2, 0, 3;
    %store/vec4 v00000218ae8090a0_0, 0, 3;
    %pushi/vec4 4, 0, 3;
    %store/vec4 v00000218ae8543e0_0, 0, 3;
    %jmp T_1.22;
T_1.17 ;
    %pushi/vec4 1, 0, 1;
    %store/vec4 v00000218ae853f80_0, 0, 1;
    %jmp T_1.22;
T_1.18 ;
    %pushi/vec4 0, 0, 3;
    %store/vec4 v00000218ae8090a0_0, 0, 3;
    %pushi/vec4 1, 0, 1;
    %store/vec4 v00000218ae853ee0_0, 0, 1;
    %pushi/vec4 3, 0, 3;
    %store/vec4 v00000218ae8543e0_0, 0, 3;
    %jmp T_1.22;
T_1.19 ;
    %pushi/vec4 0, 0, 3;
    %store/vec4 v00000218ae8090a0_0, 0, 3;
    %pushi/vec4 1, 0, 1;
    %store/vec4 v00000218ae853ee0_0, 0, 1;
    %pushi/vec4 3, 0, 3;
    %store/vec4 v00000218ae8543e0_0, 0, 3;
    %jmp T_1.22;
T_1.20 ;
    %pushi/vec4 1, 0, 1;
    %store/vec4 v00000218ae854200_0, 0, 1;
    %jmp T_1.22;
T_1.22 ;
    %pop/vec4 1;
    %jmp T_1.6;
T_1.3 ;
    %load/vec4 v00000218ae854480_0;
    %dup/vec4;
    %pushi/vec4 10, 0, 4;
    %cmp/u;
    %jmp/1 T_1.23, 6;
    %dup/vec4;
    %pushi/vec4 9, 0, 4;
    %cmp/u;
    %jmp/1 T_1.24, 6;
    %jmp T_1.25;
T_1.23 ;
    %pushi/vec4 1, 0, 1;
    %store/vec4 v00000218ae8542a0_0, 0, 1;
    %pushi/vec4 4, 0, 3;
    %store/vec4 v00000218ae8543e0_0, 0, 3;
    %jmp T_1.25;
T_1.24 ;
    %pushi/vec4 1, 0, 1;
    %store/vec4 v00000218ae854340_0, 0, 1;
    %pushi/vec4 0, 0, 3;
    %store/vec4 v00000218ae8543e0_0, 0, 3;
    %jmp T_1.25;
T_1.25 ;
    %pop/vec4 1;
    %jmp T_1.6;
T_1.4 ;
    %load/vec4 v00000218ae854480_0;
    %cmpi/e 0, 0, 4;
    %flag_get/vec4 4;
    %jmp/0 T_1.30, 4;
    %load/vec4 v00000218ae854160_0;
    %parti/s 2, 0, 2;
    %pushi/vec4 2, 0, 2;
    %cmp/e;
    %flag_get/vec4 4;
    %and;
T_1.30;
    %flag_set/vec4 9;
    %flag_get/vec4 9;
    %jmp/0 T_1.29, 9;
    %load/vec4 v00000218ae8070d0_0;
    %pad/u 32;
    %pushi/vec4 0, 0, 32;
    %cmp/e;
    %flag_get/vec4 4;
    %and;
T_1.29;
    %flag_set/vec4 8;
    %jmp/1 T_1.28, 8;
    %load/vec4 v00000218ae854480_0;
    %cmpi/e 2, 0, 4;
    %flag_get/vec4 4;
    %jmp/0 T_1.32, 4;
    %load/vec4 v00000218ae854160_0;
    %parti/s 2, 0, 2;
    %pushi/vec4 1, 0, 2;
    %cmp/e;
    %flag_get/vec4 4;
    %and;
T_1.32;
    %flag_set/vec4 10;
    %flag_get/vec4 10;
    %jmp/0 T_1.31, 10;
    %load/vec4 v00000218ae806e50_0;
    %pad/u 32;
    %pushi/vec4 0, 0, 32;
    %cmp/e;
    %flag_get/vec4 4;
    %and;
T_1.31;
    %flag_set/vec4 9;
    %flag_or 8, 9;
T_1.28;
    %jmp/0 T_1.26, 8;
    %pushi/vec4 0, 0, 2;
    %jmp/1 T_1.27, 8;
T_1.26 ; End of true expr.
    %pushi/vec4 1, 0, 2;
    %jmp/0 T_1.27, 8;
 ; End of false expr.
    %blend;
T_1.27;
    %pad/s 1;
    %store/vec4 v00000218ae8ace30_0, 0, 1;
    %pushi/vec4 0, 0, 3;
    %store/vec4 v00000218ae8543e0_0, 0, 3;
    %pushi/vec4 0, 0, 1;
    %store/vec4 v00000218ae854520_0, 0, 1;
    %jmp T_1.6;
T_1.6 ;
    %pop/vec4 1;
    %jmp T_1;
    .thread T_1, $push;
# The file index is used to find the file name in the following table.
:file_names 3;
    "N/A";
    "<interactive>";
    "control_unit.v";
