#! /c/Source/iverilog-install/bin/vvp
:ivl_version "12.0 (devel)" "(s20150603-1539-g2693dd32b)";
:ivl_delay_selection "TYPICAL";
:vpi_time_precision + 0;
:vpi_module "C:\iverilog\lib\ivl\system.vpi";
:vpi_module "C:\iverilog\lib\ivl\vhdl_sys.vpi";
:vpi_module "C:\iverilog\lib\ivl\vhdl_textio.vpi";
:vpi_module "C:\iverilog\lib\ivl\v2005_math.vpi";
:vpi_module "C:\iverilog\lib\ivl\va_math.vpi";
S_0000019159a76b60 .scope module, "instruction_memory" "instruction_memory" 2 1;
 .timescale 0 0;
    .port_info 0 /INPUT 16 "address";
    .port_info 1 /OUTPUT 16 "instruction";
o0000019159ac6f78 .functor BUFZ 16, C4<zzzzzzzzzzzzzzzz>; HiZ drive
v0000019159a77240_0 .net "address", 15 0, o0000019159ac6f78;  0 drivers
v0000019159a76cf0_0 .var "instruction", 15 0;
v0000019159a76d90 .array "memory", 0 255, 15 0;
v0000019159a76d90_0 .array/port v0000019159a76d90, 0;
v0000019159a76d90_1 .array/port v0000019159a76d90, 1;
v0000019159a76d90_2 .array/port v0000019159a76d90, 2;
v0000019159a76d90_3 .array/port v0000019159a76d90, 3;
E_0000019159ac4f80/0 .event anyedge, v0000019159a76d90_0, v0000019159a76d90_1, v0000019159a76d90_2, v0000019159a76d90_3;
v0000019159a76d90_4 .array/port v0000019159a76d90, 4;
v0000019159a76d90_5 .array/port v0000019159a76d90, 5;
v0000019159a76d90_6 .array/port v0000019159a76d90, 6;
v0000019159a76d90_7 .array/port v0000019159a76d90, 7;
E_0000019159ac4f80/1 .event anyedge, v0000019159a76d90_4, v0000019159a76d90_5, v0000019159a76d90_6, v0000019159a76d90_7;
v0000019159a76d90_8 .array/port v0000019159a76d90, 8;
v0000019159a76d90_9 .array/port v0000019159a76d90, 9;
v0000019159a76d90_10 .array/port v0000019159a76d90, 10;
v0000019159a76d90_11 .array/port v0000019159a76d90, 11;
E_0000019159ac4f80/2 .event anyedge, v0000019159a76d90_8, v0000019159a76d90_9, v0000019159a76d90_10, v0000019159a76d90_11;
v0000019159a76d90_12 .array/port v0000019159a76d90, 12;
v0000019159a76d90_13 .array/port v0000019159a76d90, 13;
v0000019159a76d90_14 .array/port v0000019159a76d90, 14;
v0000019159a76d90_15 .array/port v0000019159a76d90, 15;
E_0000019159ac4f80/3 .event anyedge, v0000019159a76d90_12, v0000019159a76d90_13, v0000019159a76d90_14, v0000019159a76d90_15;
v0000019159a76d90_16 .array/port v0000019159a76d90, 16;
v0000019159a76d90_17 .array/port v0000019159a76d90, 17;
v0000019159a76d90_18 .array/port v0000019159a76d90, 18;
v0000019159a76d90_19 .array/port v0000019159a76d90, 19;
E_0000019159ac4f80/4 .event anyedge, v0000019159a76d90_16, v0000019159a76d90_17, v0000019159a76d90_18, v0000019159a76d90_19;
v0000019159a76d90_20 .array/port v0000019159a76d90, 20;
v0000019159a76d90_21 .array/port v0000019159a76d90, 21;
v0000019159a76d90_22 .array/port v0000019159a76d90, 22;
v0000019159a76d90_23 .array/port v0000019159a76d90, 23;
E_0000019159ac4f80/5 .event anyedge, v0000019159a76d90_20, v0000019159a76d90_21, v0000019159a76d90_22, v0000019159a76d90_23;
v0000019159a76d90_24 .array/port v0000019159a76d90, 24;
v0000019159a76d90_25 .array/port v0000019159a76d90, 25;
v0000019159a76d90_26 .array/port v0000019159a76d90, 26;
v0000019159a76d90_27 .array/port v0000019159a76d90, 27;
E_0000019159ac4f80/6 .event anyedge, v0000019159a76d90_24, v0000019159a76d90_25, v0000019159a76d90_26, v0000019159a76d90_27;
v0000019159a76d90_28 .array/port v0000019159a76d90, 28;
v0000019159a76d90_29 .array/port v0000019159a76d90, 29;
v0000019159a76d90_30 .array/port v0000019159a76d90, 30;
v0000019159a76d90_31 .array/port v0000019159a76d90, 31;
E_0000019159ac4f80/7 .event anyedge, v0000019159a76d90_28, v0000019159a76d90_29, v0000019159a76d90_30, v0000019159a76d90_31;
v0000019159a76d90_32 .array/port v0000019159a76d90, 32;
v0000019159a76d90_33 .array/port v0000019159a76d90, 33;
v0000019159a76d90_34 .array/port v0000019159a76d90, 34;
v0000019159a76d90_35 .array/port v0000019159a76d90, 35;
E_0000019159ac4f80/8 .event anyedge, v0000019159a76d90_32, v0000019159a76d90_33, v0000019159a76d90_34, v0000019159a76d90_35;
v0000019159a76d90_36 .array/port v0000019159a76d90, 36;
v0000019159a76d90_37 .array/port v0000019159a76d90, 37;
v0000019159a76d90_38 .array/port v0000019159a76d90, 38;
v0000019159a76d90_39 .array/port v0000019159a76d90, 39;
E_0000019159ac4f80/9 .event anyedge, v0000019159a76d90_36, v0000019159a76d90_37, v0000019159a76d90_38, v0000019159a76d90_39;
v0000019159a76d90_40 .array/port v0000019159a76d90, 40;
v0000019159a76d90_41 .array/port v0000019159a76d90, 41;
v0000019159a76d90_42 .array/port v0000019159a76d90, 42;
v0000019159a76d90_43 .array/port v0000019159a76d90, 43;
E_0000019159ac4f80/10 .event anyedge, v0000019159a76d90_40, v0000019159a76d90_41, v0000019159a76d90_42, v0000019159a76d90_43;
v0000019159a76d90_44 .array/port v0000019159a76d90, 44;
v0000019159a76d90_45 .array/port v0000019159a76d90, 45;
v0000019159a76d90_46 .array/port v0000019159a76d90, 46;
v0000019159a76d90_47 .array/port v0000019159a76d90, 47;
E_0000019159ac4f80/11 .event anyedge, v0000019159a76d90_44, v0000019159a76d90_45, v0000019159a76d90_46, v0000019159a76d90_47;
v0000019159a76d90_48 .array/port v0000019159a76d90, 48;
v0000019159a76d90_49 .array/port v0000019159a76d90, 49;
v0000019159a76d90_50 .array/port v0000019159a76d90, 50;
v0000019159a76d90_51 .array/port v0000019159a76d90, 51;
E_0000019159ac4f80/12 .event anyedge, v0000019159a76d90_48, v0000019159a76d90_49, v0000019159a76d90_50, v0000019159a76d90_51;
v0000019159a76d90_52 .array/port v0000019159a76d90, 52;
v0000019159a76d90_53 .array/port v0000019159a76d90, 53;
v0000019159a76d90_54 .array/port v0000019159a76d90, 54;
v0000019159a76d90_55 .array/port v0000019159a76d90, 55;
E_0000019159ac4f80/13 .event anyedge, v0000019159a76d90_52, v0000019159a76d90_53, v0000019159a76d90_54, v0000019159a76d90_55;
v0000019159a76d90_56 .array/port v0000019159a76d90, 56;
v0000019159a76d90_57 .array/port v0000019159a76d90, 57;
v0000019159a76d90_58 .array/port v0000019159a76d90, 58;
v0000019159a76d90_59 .array/port v0000019159a76d90, 59;
E_0000019159ac4f80/14 .event anyedge, v0000019159a76d90_56, v0000019159a76d90_57, v0000019159a76d90_58, v0000019159a76d90_59;
v0000019159a76d90_60 .array/port v0000019159a76d90, 60;
v0000019159a76d90_61 .array/port v0000019159a76d90, 61;
v0000019159a76d90_62 .array/port v0000019159a76d90, 62;
v0000019159a76d90_63 .array/port v0000019159a76d90, 63;
E_0000019159ac4f80/15 .event anyedge, v0000019159a76d90_60, v0000019159a76d90_61, v0000019159a76d90_62, v0000019159a76d90_63;
v0000019159a76d90_64 .array/port v0000019159a76d90, 64;
v0000019159a76d90_65 .array/port v0000019159a76d90, 65;
v0000019159a76d90_66 .array/port v0000019159a76d90, 66;
v0000019159a76d90_67 .array/port v0000019159a76d90, 67;
E_0000019159ac4f80/16 .event anyedge, v0000019159a76d90_64, v0000019159a76d90_65, v0000019159a76d90_66, v0000019159a76d90_67;
v0000019159a76d90_68 .array/port v0000019159a76d90, 68;
v0000019159a76d90_69 .array/port v0000019159a76d90, 69;
v0000019159a76d90_70 .array/port v0000019159a76d90, 70;
v0000019159a76d90_71 .array/port v0000019159a76d90, 71;
E_0000019159ac4f80/17 .event anyedge, v0000019159a76d90_68, v0000019159a76d90_69, v0000019159a76d90_70, v0000019159a76d90_71;
v0000019159a76d90_72 .array/port v0000019159a76d90, 72;
v0000019159a76d90_73 .array/port v0000019159a76d90, 73;
v0000019159a76d90_74 .array/port v0000019159a76d90, 74;
v0000019159a76d90_75 .array/port v0000019159a76d90, 75;
E_0000019159ac4f80/18 .event anyedge, v0000019159a76d90_72, v0000019159a76d90_73, v0000019159a76d90_74, v0000019159a76d90_75;
v0000019159a76d90_76 .array/port v0000019159a76d90, 76;
v0000019159a76d90_77 .array/port v0000019159a76d90, 77;
v0000019159a76d90_78 .array/port v0000019159a76d90, 78;
v0000019159a76d90_79 .array/port v0000019159a76d90, 79;
E_0000019159ac4f80/19 .event anyedge, v0000019159a76d90_76, v0000019159a76d90_77, v0000019159a76d90_78, v0000019159a76d90_79;
v0000019159a76d90_80 .array/port v0000019159a76d90, 80;
v0000019159a76d90_81 .array/port v0000019159a76d90, 81;
v0000019159a76d90_82 .array/port v0000019159a76d90, 82;
v0000019159a76d90_83 .array/port v0000019159a76d90, 83;
E_0000019159ac4f80/20 .event anyedge, v0000019159a76d90_80, v0000019159a76d90_81, v0000019159a76d90_82, v0000019159a76d90_83;
v0000019159a76d90_84 .array/port v0000019159a76d90, 84;
v0000019159a76d90_85 .array/port v0000019159a76d90, 85;
v0000019159a76d90_86 .array/port v0000019159a76d90, 86;
v0000019159a76d90_87 .array/port v0000019159a76d90, 87;
E_0000019159ac4f80/21 .event anyedge, v0000019159a76d90_84, v0000019159a76d90_85, v0000019159a76d90_86, v0000019159a76d90_87;
v0000019159a76d90_88 .array/port v0000019159a76d90, 88;
v0000019159a76d90_89 .array/port v0000019159a76d90, 89;
v0000019159a76d90_90 .array/port v0000019159a76d90, 90;
v0000019159a76d90_91 .array/port v0000019159a76d90, 91;
E_0000019159ac4f80/22 .event anyedge, v0000019159a76d90_88, v0000019159a76d90_89, v0000019159a76d90_90, v0000019159a76d90_91;
v0000019159a76d90_92 .array/port v0000019159a76d90, 92;
v0000019159a76d90_93 .array/port v0000019159a76d90, 93;
v0000019159a76d90_94 .array/port v0000019159a76d90, 94;
v0000019159a76d90_95 .array/port v0000019159a76d90, 95;
E_0000019159ac4f80/23 .event anyedge, v0000019159a76d90_92, v0000019159a76d90_93, v0000019159a76d90_94, v0000019159a76d90_95;
v0000019159a76d90_96 .array/port v0000019159a76d90, 96;
v0000019159a76d90_97 .array/port v0000019159a76d90, 97;
v0000019159a76d90_98 .array/port v0000019159a76d90, 98;
v0000019159a76d90_99 .array/port v0000019159a76d90, 99;
E_0000019159ac4f80/24 .event anyedge, v0000019159a76d90_96, v0000019159a76d90_97, v0000019159a76d90_98, v0000019159a76d90_99;
v0000019159a76d90_100 .array/port v0000019159a76d90, 100;
v0000019159a76d90_101 .array/port v0000019159a76d90, 101;
v0000019159a76d90_102 .array/port v0000019159a76d90, 102;
v0000019159a76d90_103 .array/port v0000019159a76d90, 103;
E_0000019159ac4f80/25 .event anyedge, v0000019159a76d90_100, v0000019159a76d90_101, v0000019159a76d90_102, v0000019159a76d90_103;
v0000019159a76d90_104 .array/port v0000019159a76d90, 104;
v0000019159a76d90_105 .array/port v0000019159a76d90, 105;
v0000019159a76d90_106 .array/port v0000019159a76d90, 106;
v0000019159a76d90_107 .array/port v0000019159a76d90, 107;
E_0000019159ac4f80/26 .event anyedge, v0000019159a76d90_104, v0000019159a76d90_105, v0000019159a76d90_106, v0000019159a76d90_107;
v0000019159a76d90_108 .array/port v0000019159a76d90, 108;
v0000019159a76d90_109 .array/port v0000019159a76d90, 109;
v0000019159a76d90_110 .array/port v0000019159a76d90, 110;
v0000019159a76d90_111 .array/port v0000019159a76d90, 111;
E_0000019159ac4f80/27 .event anyedge, v0000019159a76d90_108, v0000019159a76d90_109, v0000019159a76d90_110, v0000019159a76d90_111;
v0000019159a76d90_112 .array/port v0000019159a76d90, 112;
v0000019159a76d90_113 .array/port v0000019159a76d90, 113;
v0000019159a76d90_114 .array/port v0000019159a76d90, 114;
v0000019159a76d90_115 .array/port v0000019159a76d90, 115;
E_0000019159ac4f80/28 .event anyedge, v0000019159a76d90_112, v0000019159a76d90_113, v0000019159a76d90_114, v0000019159a76d90_115;
v0000019159a76d90_116 .array/port v0000019159a76d90, 116;
v0000019159a76d90_117 .array/port v0000019159a76d90, 117;
v0000019159a76d90_118 .array/port v0000019159a76d90, 118;
v0000019159a76d90_119 .array/port v0000019159a76d90, 119;
E_0000019159ac4f80/29 .event anyedge, v0000019159a76d90_116, v0000019159a76d90_117, v0000019159a76d90_118, v0000019159a76d90_119;
v0000019159a76d90_120 .array/port v0000019159a76d90, 120;
v0000019159a76d90_121 .array/port v0000019159a76d90, 121;
v0000019159a76d90_122 .array/port v0000019159a76d90, 122;
v0000019159a76d90_123 .array/port v0000019159a76d90, 123;
E_0000019159ac4f80/30 .event anyedge, v0000019159a76d90_120, v0000019159a76d90_121, v0000019159a76d90_122, v0000019159a76d90_123;
v0000019159a76d90_124 .array/port v0000019159a76d90, 124;
v0000019159a76d90_125 .array/port v0000019159a76d90, 125;
v0000019159a76d90_126 .array/port v0000019159a76d90, 126;
v0000019159a76d90_127 .array/port v0000019159a76d90, 127;
E_0000019159ac4f80/31 .event anyedge, v0000019159a76d90_124, v0000019159a76d90_125, v0000019159a76d90_126, v0000019159a76d90_127;
v0000019159a76d90_128 .array/port v0000019159a76d90, 128;
v0000019159a76d90_129 .array/port v0000019159a76d90, 129;
v0000019159a76d90_130 .array/port v0000019159a76d90, 130;
v0000019159a76d90_131 .array/port v0000019159a76d90, 131;
E_0000019159ac4f80/32 .event anyedge, v0000019159a76d90_128, v0000019159a76d90_129, v0000019159a76d90_130, v0000019159a76d90_131;
v0000019159a76d90_132 .array/port v0000019159a76d90, 132;
v0000019159a76d90_133 .array/port v0000019159a76d90, 133;
v0000019159a76d90_134 .array/port v0000019159a76d90, 134;
v0000019159a76d90_135 .array/port v0000019159a76d90, 135;
E_0000019159ac4f80/33 .event anyedge, v0000019159a76d90_132, v0000019159a76d90_133, v0000019159a76d90_134, v0000019159a76d90_135;
v0000019159a76d90_136 .array/port v0000019159a76d90, 136;
v0000019159a76d90_137 .array/port v0000019159a76d90, 137;
v0000019159a76d90_138 .array/port v0000019159a76d90, 138;
v0000019159a76d90_139 .array/port v0000019159a76d90, 139;
E_0000019159ac4f80/34 .event anyedge, v0000019159a76d90_136, v0000019159a76d90_137, v0000019159a76d90_138, v0000019159a76d90_139;
v0000019159a76d90_140 .array/port v0000019159a76d90, 140;
v0000019159a76d90_141 .array/port v0000019159a76d90, 141;
v0000019159a76d90_142 .array/port v0000019159a76d90, 142;
v0000019159a76d90_143 .array/port v0000019159a76d90, 143;
E_0000019159ac4f80/35 .event anyedge, v0000019159a76d90_140, v0000019159a76d90_141, v0000019159a76d90_142, v0000019159a76d90_143;
v0000019159a76d90_144 .array/port v0000019159a76d90, 144;
v0000019159a76d90_145 .array/port v0000019159a76d90, 145;
v0000019159a76d90_146 .array/port v0000019159a76d90, 146;
v0000019159a76d90_147 .array/port v0000019159a76d90, 147;
E_0000019159ac4f80/36 .event anyedge, v0000019159a76d90_144, v0000019159a76d90_145, v0000019159a76d90_146, v0000019159a76d90_147;
v0000019159a76d90_148 .array/port v0000019159a76d90, 148;
v0000019159a76d90_149 .array/port v0000019159a76d90, 149;
v0000019159a76d90_150 .array/port v0000019159a76d90, 150;
v0000019159a76d90_151 .array/port v0000019159a76d90, 151;
E_0000019159ac4f80/37 .event anyedge, v0000019159a76d90_148, v0000019159a76d90_149, v0000019159a76d90_150, v0000019159a76d90_151;
v0000019159a76d90_152 .array/port v0000019159a76d90, 152;
v0000019159a76d90_153 .array/port v0000019159a76d90, 153;
v0000019159a76d90_154 .array/port v0000019159a76d90, 154;
v0000019159a76d90_155 .array/port v0000019159a76d90, 155;
E_0000019159ac4f80/38 .event anyedge, v0000019159a76d90_152, v0000019159a76d90_153, v0000019159a76d90_154, v0000019159a76d90_155;
v0000019159a76d90_156 .array/port v0000019159a76d90, 156;
v0000019159a76d90_157 .array/port v0000019159a76d90, 157;
v0000019159a76d90_158 .array/port v0000019159a76d90, 158;
v0000019159a76d90_159 .array/port v0000019159a76d90, 159;
E_0000019159ac4f80/39 .event anyedge, v0000019159a76d90_156, v0000019159a76d90_157, v0000019159a76d90_158, v0000019159a76d90_159;
v0000019159a76d90_160 .array/port v0000019159a76d90, 160;
v0000019159a76d90_161 .array/port v0000019159a76d90, 161;
v0000019159a76d90_162 .array/port v0000019159a76d90, 162;
v0000019159a76d90_163 .array/port v0000019159a76d90, 163;
E_0000019159ac4f80/40 .event anyedge, v0000019159a76d90_160, v0000019159a76d90_161, v0000019159a76d90_162, v0000019159a76d90_163;
v0000019159a76d90_164 .array/port v0000019159a76d90, 164;
v0000019159a76d90_165 .array/port v0000019159a76d90, 165;
v0000019159a76d90_166 .array/port v0000019159a76d90, 166;
v0000019159a76d90_167 .array/port v0000019159a76d90, 167;
E_0000019159ac4f80/41 .event anyedge, v0000019159a76d90_164, v0000019159a76d90_165, v0000019159a76d90_166, v0000019159a76d90_167;
v0000019159a76d90_168 .array/port v0000019159a76d90, 168;
v0000019159a76d90_169 .array/port v0000019159a76d90, 169;
v0000019159a76d90_170 .array/port v0000019159a76d90, 170;
v0000019159a76d90_171 .array/port v0000019159a76d90, 171;
E_0000019159ac4f80/42 .event anyedge, v0000019159a76d90_168, v0000019159a76d90_169, v0000019159a76d90_170, v0000019159a76d90_171;
v0000019159a76d90_172 .array/port v0000019159a76d90, 172;
v0000019159a76d90_173 .array/port v0000019159a76d90, 173;
v0000019159a76d90_174 .array/port v0000019159a76d90, 174;
v0000019159a76d90_175 .array/port v0000019159a76d90, 175;
E_0000019159ac4f80/43 .event anyedge, v0000019159a76d90_172, v0000019159a76d90_173, v0000019159a76d90_174, v0000019159a76d90_175;
v0000019159a76d90_176 .array/port v0000019159a76d90, 176;
v0000019159a76d90_177 .array/port v0000019159a76d90, 177;
v0000019159a76d90_178 .array/port v0000019159a76d90, 178;
v0000019159a76d90_179 .array/port v0000019159a76d90, 179;
E_0000019159ac4f80/44 .event anyedge, v0000019159a76d90_176, v0000019159a76d90_177, v0000019159a76d90_178, v0000019159a76d90_179;
v0000019159a76d90_180 .array/port v0000019159a76d90, 180;
v0000019159a76d90_181 .array/port v0000019159a76d90, 181;
v0000019159a76d90_182 .array/port v0000019159a76d90, 182;
v0000019159a76d90_183 .array/port v0000019159a76d90, 183;
E_0000019159ac4f80/45 .event anyedge, v0000019159a76d90_180, v0000019159a76d90_181, v0000019159a76d90_182, v0000019159a76d90_183;
v0000019159a76d90_184 .array/port v0000019159a76d90, 184;
v0000019159a76d90_185 .array/port v0000019159a76d90, 185;
v0000019159a76d90_186 .array/port v0000019159a76d90, 186;
v0000019159a76d90_187 .array/port v0000019159a76d90, 187;
E_0000019159ac4f80/46 .event anyedge, v0000019159a76d90_184, v0000019159a76d90_185, v0000019159a76d90_186, v0000019159a76d90_187;
v0000019159a76d90_188 .array/port v0000019159a76d90, 188;
v0000019159a76d90_189 .array/port v0000019159a76d90, 189;
v0000019159a76d90_190 .array/port v0000019159a76d90, 190;
v0000019159a76d90_191 .array/port v0000019159a76d90, 191;
E_0000019159ac4f80/47 .event anyedge, v0000019159a76d90_188, v0000019159a76d90_189, v0000019159a76d90_190, v0000019159a76d90_191;
v0000019159a76d90_192 .array/port v0000019159a76d90, 192;
v0000019159a76d90_193 .array/port v0000019159a76d90, 193;
v0000019159a76d90_194 .array/port v0000019159a76d90, 194;
v0000019159a76d90_195 .array/port v0000019159a76d90, 195;
E_0000019159ac4f80/48 .event anyedge, v0000019159a76d90_192, v0000019159a76d90_193, v0000019159a76d90_194, v0000019159a76d90_195;
v0000019159a76d90_196 .array/port v0000019159a76d90, 196;
v0000019159a76d90_197 .array/port v0000019159a76d90, 197;
v0000019159a76d90_198 .array/port v0000019159a76d90, 198;
v0000019159a76d90_199 .array/port v0000019159a76d90, 199;
E_0000019159ac4f80/49 .event anyedge, v0000019159a76d90_196, v0000019159a76d90_197, v0000019159a76d90_198, v0000019159a76d90_199;
v0000019159a76d90_200 .array/port v0000019159a76d90, 200;
v0000019159a76d90_201 .array/port v0000019159a76d90, 201;
v0000019159a76d90_202 .array/port v0000019159a76d90, 202;
v0000019159a76d90_203 .array/port v0000019159a76d90, 203;
E_0000019159ac4f80/50 .event anyedge, v0000019159a76d90_200, v0000019159a76d90_201, v0000019159a76d90_202, v0000019159a76d90_203;
v0000019159a76d90_204 .array/port v0000019159a76d90, 204;
v0000019159a76d90_205 .array/port v0000019159a76d90, 205;
v0000019159a76d90_206 .array/port v0000019159a76d90, 206;
v0000019159a76d90_207 .array/port v0000019159a76d90, 207;
E_0000019159ac4f80/51 .event anyedge, v0000019159a76d90_204, v0000019159a76d90_205, v0000019159a76d90_206, v0000019159a76d90_207;
v0000019159a76d90_208 .array/port v0000019159a76d90, 208;
v0000019159a76d90_209 .array/port v0000019159a76d90, 209;
v0000019159a76d90_210 .array/port v0000019159a76d90, 210;
v0000019159a76d90_211 .array/port v0000019159a76d90, 211;
E_0000019159ac4f80/52 .event anyedge, v0000019159a76d90_208, v0000019159a76d90_209, v0000019159a76d90_210, v0000019159a76d90_211;
v0000019159a76d90_212 .array/port v0000019159a76d90, 212;
v0000019159a76d90_213 .array/port v0000019159a76d90, 213;
v0000019159a76d90_214 .array/port v0000019159a76d90, 214;
v0000019159a76d90_215 .array/port v0000019159a76d90, 215;
E_0000019159ac4f80/53 .event anyedge, v0000019159a76d90_212, v0000019159a76d90_213, v0000019159a76d90_214, v0000019159a76d90_215;
v0000019159a76d90_216 .array/port v0000019159a76d90, 216;
v0000019159a76d90_217 .array/port v0000019159a76d90, 217;
v0000019159a76d90_218 .array/port v0000019159a76d90, 218;
v0000019159a76d90_219 .array/port v0000019159a76d90, 219;
E_0000019159ac4f80/54 .event anyedge, v0000019159a76d90_216, v0000019159a76d90_217, v0000019159a76d90_218, v0000019159a76d90_219;
v0000019159a76d90_220 .array/port v0000019159a76d90, 220;
v0000019159a76d90_221 .array/port v0000019159a76d90, 221;
v0000019159a76d90_222 .array/port v0000019159a76d90, 222;
v0000019159a76d90_223 .array/port v0000019159a76d90, 223;
E_0000019159ac4f80/55 .event anyedge, v0000019159a76d90_220, v0000019159a76d90_221, v0000019159a76d90_222, v0000019159a76d90_223;
v0000019159a76d90_224 .array/port v0000019159a76d90, 224;
v0000019159a76d90_225 .array/port v0000019159a76d90, 225;
v0000019159a76d90_226 .array/port v0000019159a76d90, 226;
v0000019159a76d90_227 .array/port v0000019159a76d90, 227;
E_0000019159ac4f80/56 .event anyedge, v0000019159a76d90_224, v0000019159a76d90_225, v0000019159a76d90_226, v0000019159a76d90_227;
v0000019159a76d90_228 .array/port v0000019159a76d90, 228;
v0000019159a76d90_229 .array/port v0000019159a76d90, 229;
v0000019159a76d90_230 .array/port v0000019159a76d90, 230;
v0000019159a76d90_231 .array/port v0000019159a76d90, 231;
E_0000019159ac4f80/57 .event anyedge, v0000019159a76d90_228, v0000019159a76d90_229, v0000019159a76d90_230, v0000019159a76d90_231;
v0000019159a76d90_232 .array/port v0000019159a76d90, 232;
v0000019159a76d90_233 .array/port v0000019159a76d90, 233;
v0000019159a76d90_234 .array/port v0000019159a76d90, 234;
v0000019159a76d90_235 .array/port v0000019159a76d90, 235;
E_0000019159ac4f80/58 .event anyedge, v0000019159a76d90_232, v0000019159a76d90_233, v0000019159a76d90_234, v0000019159a76d90_235;
v0000019159a76d90_236 .array/port v0000019159a76d90, 236;
v0000019159a76d90_237 .array/port v0000019159a76d90, 237;
v0000019159a76d90_238 .array/port v0000019159a76d90, 238;
v0000019159a76d90_239 .array/port v0000019159a76d90, 239;
E_0000019159ac4f80/59 .event anyedge, v0000019159a76d90_236, v0000019159a76d90_237, v0000019159a76d90_238, v0000019159a76d90_239;
v0000019159a76d90_240 .array/port v0000019159a76d90, 240;
v0000019159a76d90_241 .array/port v0000019159a76d90, 241;
v0000019159a76d90_242 .array/port v0000019159a76d90, 242;
v0000019159a76d90_243 .array/port v0000019159a76d90, 243;
E_0000019159ac4f80/60 .event anyedge, v0000019159a76d90_240, v0000019159a76d90_241, v0000019159a76d90_242, v0000019159a76d90_243;
v0000019159a76d90_244 .array/port v0000019159a76d90, 244;
v0000019159a76d90_245 .array/port v0000019159a76d90, 245;
v0000019159a76d90_246 .array/port v0000019159a76d90, 246;
v0000019159a76d90_247 .array/port v0000019159a76d90, 247;
E_0000019159ac4f80/61 .event anyedge, v0000019159a76d90_244, v0000019159a76d90_245, v0000019159a76d90_246, v0000019159a76d90_247;
v0000019159a76d90_248 .array/port v0000019159a76d90, 248;
v0000019159a76d90_249 .array/port v0000019159a76d90, 249;
v0000019159a76d90_250 .array/port v0000019159a76d90, 250;
v0000019159a76d90_251 .array/port v0000019159a76d90, 251;
E_0000019159ac4f80/62 .event anyedge, v0000019159a76d90_248, v0000019159a76d90_249, v0000019159a76d90_250, v0000019159a76d90_251;
v0000019159a76d90_252 .array/port v0000019159a76d90, 252;
v0000019159a76d90_253 .array/port v0000019159a76d90, 253;
v0000019159a76d90_254 .array/port v0000019159a76d90, 254;
v0000019159a76d90_255 .array/port v0000019159a76d90, 255;
E_0000019159ac4f80/63 .event anyedge, v0000019159a76d90_252, v0000019159a76d90_253, v0000019159a76d90_254, v0000019159a76d90_255;
E_0000019159ac4f80 .event/or E_0000019159ac4f80/0, E_0000019159ac4f80/1, E_0000019159ac4f80/2, E_0000019159ac4f80/3, E_0000019159ac4f80/4, E_0000019159ac4f80/5, E_0000019159ac4f80/6, E_0000019159ac4f80/7, E_0000019159ac4f80/8, E_0000019159ac4f80/9, E_0000019159ac4f80/10, E_0000019159ac4f80/11, E_0000019159ac4f80/12, E_0000019159ac4f80/13, E_0000019159ac4f80/14, E_0000019159ac4f80/15, E_0000019159ac4f80/16, E_0000019159ac4f80/17, E_0000019159ac4f80/18, E_0000019159ac4f80/19, E_0000019159ac4f80/20, E_0000019159ac4f80/21, E_0000019159ac4f80/22, E_0000019159ac4f80/23, E_0000019159ac4f80/24, E_0000019159ac4f80/25, E_0000019159ac4f80/26, E_0000019159ac4f80/27, E_0000019159ac4f80/28, E_0000019159ac4f80/29, E_0000019159ac4f80/30, E_0000019159ac4f80/31, E_0000019159ac4f80/32, E_0000019159ac4f80/33, E_0000019159ac4f80/34, E_0000019159ac4f80/35, E_0000019159ac4f80/36, E_0000019159ac4f80/37, E_0000019159ac4f80/38, E_0000019159ac4f80/39, E_0000019159ac4f80/40, E_0000019159ac4f80/41, E_0000019159ac4f80/42, E_0000019159ac4f80/43, E_0000019159ac4f80/44, E_0000019159ac4f80/45, E_0000019159ac4f80/46, E_0000019159ac4f80/47, E_0000019159ac4f80/48, E_0000019159ac4f80/49, E_0000019159ac4f80/50, E_0000019159ac4f80/51, E_0000019159ac4f80/52, E_0000019159ac4f80/53, E_0000019159ac4f80/54, E_0000019159ac4f80/55, E_0000019159ac4f80/56, E_0000019159ac4f80/57, E_0000019159ac4f80/58, E_0000019159ac4f80/59, E_0000019159ac4f80/60, E_0000019159ac4f80/61, E_0000019159ac4f80/62, E_0000019159ac4f80/63;
    .scope S_0000019159a76b60;
T_0 ;
    %pushi/vec4 44674, 0, 16;
    %ix/load 4, 0, 0;
    %flag_set/imm 4, 0;
    %store/vec4a v0000019159a76d90, 4, 0;
    %pushi/vec4 664, 0, 16;
    %ix/load 4, 1, 0;
    %flag_set/imm 4, 0;
    %store/vec4a v0000019159a76d90, 4, 0;
    %end;
    .thread T_0;
    .scope S_0000019159a76b60;
T_1 ;
    %wait E_0000019159ac4f80;
    %ix/load 4, 0, 0;
    %flag_set/imm 4, 0;
    %load/vec4a v0000019159a76d90, 4;
    %store/vec4 v0000019159a76cf0_0, 0, 16;
    %jmp T_1;
    .thread T_1, $push;
# The file index is used to find the file name in the following table.
:file_names 3;
    "N/A";
    "<interactive>";
    "instruction_memory.v";
