#! /c/Source/iverilog-install/bin/vvp
:ivl_version "12.0 (devel)" "(s20150603-1539-g2693dd32b)";
:ivl_delay_selection "TYPICAL";
:vpi_time_precision + 0;
:vpi_module "C:\iverilog\lib\ivl\system.vpi";
:vpi_module "C:\iverilog\lib\ivl\vhdl_sys.vpi";
:vpi_module "C:\iverilog\lib\ivl\vhdl_textio.vpi";
:vpi_module "C:\iverilog\lib\ivl\v2005_math.vpi";
:vpi_module "C:\iverilog\lib\ivl\va_math.vpi";
S_0000025c5f9f6a50 .scope module, "program_counter" "program_counter" 2 1;
 .timescale 0 0;
    .port_info 0 /INPUT 1 "clk";
    .port_info 1 /INPUT 1 "proc_rst";
    .port_info 2 /INPUT 1 "pc_write";
    .port_info 3 /INPUT 16 "pc_in";
    .port_info 4 /OUTPUT 16 "pc_out";
o0000025c5fa46fb8 .functor BUFZ 1, C4<z>; HiZ drive
v0000025c5f9f70d0_0 .net "clk", 0 0, o0000025c5fa46fb8;  0 drivers
o0000025c5fa46fe8 .functor BUFZ 16, C4<zzzzzzzzzzzzzzzz>; HiZ drive
v0000025c5f9fef00_0 .net "pc_in", 15 0, o0000025c5fa46fe8;  0 drivers
v0000025c5f9fe3e0_0 .var "pc_out", 15 0;
o0000025c5fa47048 .functor BUFZ 1, C4<z>; HiZ drive
v0000025c5f9fe480_0 .net "pc_write", 0 0, o0000025c5fa47048;  0 drivers
o0000025c5fa47078 .functor BUFZ 1, C4<z>; HiZ drive
v0000025c5f9fe520_0 .net "proc_rst", 0 0, o0000025c5fa47078;  0 drivers
E_0000025c5f9fc280 .event posedge, v0000025c5f9fe520_0, v0000025c5f9fe480_0;
    .scope S_0000025c5f9f6a50;
T_0 ;
    %wait E_0000025c5f9fc280;
    %load/vec4 v0000025c5f9fe520_0;
    %flag_set/vec4 8;
    %jmp/0xz  T_0.0, 8;
    %pushi/vec4 0, 0, 16;
    %assign/vec4 v0000025c5f9fe3e0_0, 0;
    %jmp T_0.1;
T_0.0 ;
    %load/vec4 v0000025c5f9fe480_0;
    %flag_set/vec4 8;
    %jmp/0xz  T_0.2, 8;
    %load/vec4 v0000025c5f9fef00_0;
    %addi 1, 0, 16;
    %assign/vec4 v0000025c5f9fe3e0_0, 0;
    %jmp T_0.3;
T_0.2 ;
    %load/vec4 v0000025c5f9fe3e0_0;
    %addi 1, 0, 16;
    %assign/vec4 v0000025c5f9fe3e0_0, 0;
T_0.3 ;
T_0.1 ;
    %vpi_call 2 17 "$display", "pc_in %d pc_out %d in program counter at time %0d", v0000025c5f9fef00_0, v0000025c5f9fe3e0_0, $time {0 0 0};
    %jmp T_0;
    .thread T_0;
# The file index is used to find the file name in the following table.
:file_names 3;
    "N/A";
    "<interactive>";
    "program_counter.v";
