#! /c/Source/iverilog-install/bin/vvp
:ivl_version "12.0 (devel)" "(s20150603-1539-g2693dd32b)";
:ivl_delay_selection "TYPICAL";
:vpi_time_precision + 0;
:vpi_module "C:\iverilog\lib\ivl\system.vpi";
:vpi_module "C:\iverilog\lib\ivl\vhdl_sys.vpi";
:vpi_module "C:\iverilog\lib\ivl\vhdl_textio.vpi";
:vpi_module "C:\iverilog\lib\ivl\v2005_math.vpi";
:vpi_module "C:\iverilog\lib\ivl\va_math.vpi";
S_0000023c19536930 .scope module, "reg_file" "reg_file" 2 1;
 .timescale 0 0;
    .port_info 0 /INPUT 1 "clk";
    .port_info 1 /INPUT 1 "reg_write";
    .port_info 2 /INPUT 3 "ra";
    .port_info 3 /INPUT 3 "rb";
    .port_info 4 /INPUT 3 "rc";
    .port_info 5 /INPUT 16 "rc_data";
    .port_info 6 /OUTPUT 16 "ra_data";
    .port_info 7 /OUTPUT 16 "rb_data";
    .port_info 8 /INPUT 1 "pc_write";
    .port_info 9 /INPUT 16 "pc_in";
    .port_info 10 /INPUT 1 "proc_rst";
L_0000023c19537480 .functor BUFZ 16, L_0000023c1958fa60, C4<0000000000000000>, C4<0000000000000000>, C4<0000000000000000>;
L_0000023c195374f0 .functor BUFZ 16, L_0000023c1958f9c0, C4<0000000000000000>, C4<0000000000000000>, C4<0000000000000000>;
v0000023c19646a50_0 .net *"_ivl_0", 15 0, L_0000023c1958fa60;  1 drivers
v0000023c19544370_0 .net *"_ivl_10", 4 0, L_0000023c1958fce0;  1 drivers
L_0000023c19590540 .functor BUFT 1, C4<00>, C4<0>, C4<0>, C4<0>;
v0000023c19544410_0 .net *"_ivl_13", 1 0, L_0000023c19590540;  1 drivers
v0000023c195444b0_0 .net *"_ivl_2", 4 0, L_0000023c1958f7e0;  1 drivers
L_0000023c195904f8 .functor BUFT 1, C4<00>, C4<0>, C4<0>, C4<0>;
v0000023c19544550_0 .net *"_ivl_5", 1 0, L_0000023c195904f8;  1 drivers
v0000023c1958f010_0 .net *"_ivl_8", 15 0, L_0000023c1958f9c0;  1 drivers
o0000023c1954a0a8 .functor BUFZ 1, C4<z>; HiZ drive
v0000023c1958f0b0_0 .net "clk", 0 0, o0000023c1954a0a8;  0 drivers
v0000023c1958f150_0 .var/i "i", 31 0;
o0000023c1954a108 .functor BUFZ 16, C4<zzzzzzzzzzzzzzzz>; HiZ drive
v0000023c1958f1f0_0 .net "pc_in", 15 0, o0000023c1954a108;  0 drivers
o0000023c1954a138 .functor BUFZ 1, C4<z>; HiZ drive
v0000023c1958f290_0 .net "pc_write", 0 0, o0000023c1954a138;  0 drivers
o0000023c1954a168 .functor BUFZ 1, C4<z>; HiZ drive
v0000023c1958f330_0 .net "proc_rst", 0 0, o0000023c1954a168;  0 drivers
o0000023c1954a198 .functor BUFZ 3, C4<zzz>; HiZ drive
v0000023c1958fe20_0 .net "ra", 2 0, o0000023c1954a198;  0 drivers
v0000023c1958f920_0 .net "ra_data", 15 0, L_0000023c19537480;  1 drivers
o0000023c1954a1f8 .functor BUFZ 3, C4<zzz>; HiZ drive
v0000023c19590320_0 .net "rb", 2 0, o0000023c1954a1f8;  0 drivers
v0000023c1958fc40_0 .net "rb_data", 15 0, L_0000023c195374f0;  1 drivers
o0000023c1954a258 .functor BUFZ 3, C4<zzz>; HiZ drive
v0000023c1958f420_0 .net "rc", 2 0, o0000023c1954a258;  0 drivers
o0000023c1954a288 .functor BUFZ 16, C4<zzzzzzzzzzzzzzzz>; HiZ drive
v0000023c1958fec0_0 .net "rc_data", 15 0, o0000023c1954a288;  0 drivers
o0000023c1954a2b8 .functor BUFZ 1, C4<z>; HiZ drive
v0000023c19590140_0 .net "reg_write", 0 0, o0000023c1954a2b8;  0 drivers
v0000023c195901e0 .array "registers", 0 7, 15 0;
E_0000023c195489d0 .event posedge, v0000023c1958f330_0, v0000023c1958f0b0_0;
L_0000023c1958fa60 .array/port v0000023c195901e0, L_0000023c1958f7e0;
L_0000023c1958f7e0 .concat [ 3 2 0 0], o0000023c1954a198, L_0000023c195904f8;
L_0000023c1958f9c0 .array/port v0000023c195901e0, L_0000023c1958fce0;
L_0000023c1958fce0 .concat [ 3 2 0 0], o0000023c1954a1f8, L_0000023c19590540;
    .scope S_0000023c19536930;
T_0 ;
    %wait E_0000023c195489d0;
    %load/vec4 v0000023c1958f330_0;
    %flag_set/vec4 8;
    %jmp/0xz  T_0.0, 8;
    %pushi/vec4 0, 0, 32;
    %store/vec4 v0000023c1958f150_0, 0, 32;
T_0.2 ;
    %load/vec4 v0000023c1958f150_0;
    %cmpi/s 8, 0, 32;
    %jmp/0xz T_0.3, 5;
    %pushi/vec4 8, 0, 16;
    %ix/getv/s 3, v0000023c1958f150_0;
    %ix/load 4, 0, 0; Constant delay
    %assign/vec4/a/d v0000023c195901e0, 0, 4;
    %load/vec4 v0000023c1958f150_0;
    %addi 1, 0, 32;
    %store/vec4 v0000023c1958f150_0, 0, 32;
    %jmp T_0.2;
T_0.3 ;
    %pushi/vec4 5, 0, 16;
    %ix/load 3, 1, 0;
    %flag_set/imm 4, 0;
    %ix/load 4, 0, 0; Constant delay
    %assign/vec4/a/d v0000023c195901e0, 0, 4;
    %vpi_call 2 31 "$display", "All registers reset to 0 at time %0d", $time {0 0 0};
    %jmp T_0.1;
T_0.0 ;
    %load/vec4 v0000023c1958f290_0;
    %flag_set/vec4 8;
    %jmp/0xz  T_0.4, 8;
    %load/vec4 v0000023c1958f1f0_0;
    %ix/load 3, 0, 0;
    %flag_set/imm 4, 0;
    %ix/load 4, 0, 0; Constant delay
    %assign/vec4/a/d v0000023c195901e0, 0, 4;
    %jmp T_0.5;
T_0.4 ;
    %load/vec4 v0000023c19590140_0;
    %flag_set/vec4 8;
    %jmp/0xz  T_0.6, 8;
    %load/vec4 v0000023c1958fec0_0;
    %load/vec4 v0000023c1958f420_0;
    %pad/u 5;
    %ix/vec4 3;
    %ix/load 4, 0, 0; Constant delay
    %assign/vec4/a/d v0000023c195901e0, 0, 4;
T_0.6 ;
T_0.5 ;
T_0.1 ;
    %vpi_call 2 43 "$display", "Register values at time %0d:", $time {0 0 0};
    %pushi/vec4 0, 0, 32;
    %store/vec4 v0000023c1958f150_0, 0, 32;
T_0.8 ;
    %load/vec4 v0000023c1958f150_0;
    %cmpi/s 8, 0, 32;
    %jmp/0xz T_0.9, 5;
    %vpi_call 2 45 "$display", "R%0d = %d", v0000023c1958f150_0, &A<v0000023c195901e0, v0000023c1958f150_0 > {0 0 0};
    %load/vec4 v0000023c1958f150_0;
    %addi 1, 0, 32;
    %store/vec4 v0000023c1958f150_0, 0, 32;
    %jmp T_0.8;
T_0.9 ;
    %jmp T_0;
    .thread T_0;
# The file index is used to find the file name in the following table.
:file_names 3;
    "N/A";
    "<interactive>";
    "register_file.v";
